SalesforceMobileSDK-Android/libs/MobileSync/build/intermediates/manifest_merge_blame_file/debug/manifest-merger-blame-debug-report.txt
1<?xml version="1.0" encoding="utf-8"?>
2<manifest xmlns:android="http://schemas.android.com/apk/res/android"
3    package="com.salesforce.androidsdk.mobilesync"
4    android:versionCode="69"
5    android:versionName="8.2.0" >
6
7    <uses-sdk
8        android:minSdkVersion="23"
8-->libs/MobileSync/AndroidManifest.xml
9        android:targetSdkVersion="29" />
9-->libs/MobileSync/AndroidManifest.xml
10
11    <application />
11-->libs/MobileSync/AndroidManifest.xml:8:5-20
12
13</manifest>